<?xml version="1.0" encoding="UTF-8"?>
<!-- Generated by org.testng.reporters.JUnitReportReporter -->
<testsuite hostname="Asus" failures="0" tests="3" name="com.employeeAPI.testCases.GetSingleEmployee" time="0.007" errors="0" timestamp="2022-02-03T01:18:26 IST" skipped="0">
  <testcase classname="com.employeeAPI.testCases.GetSingleEmployee" name="validateStatusCode" time="0.002"/>
  <system-out/>
  <testcase classname="com.employeeAPI.testCases.GetSingleEmployee" name="validateResponseBody" time="0.002"/>
  <system-out/>
  <testcase classname="com.employeeAPI.testCases.GetSingleEmployee" name="validateResponseTime" time="0.003"/>
  <system-out/>
</testsuite> <!-- com.employeeAPI.testCases.GetSingleEmployee -->
